\BOOKMARK [0][-]{chapter*.2}{\376\377\000A\000b\000o\000u\000t}{}% 1
\BOOKMARK [0][-]{chapter.1}{\376\377\000I\000n\000t\000r\000o\000d\000u\000c\000t\000i\000o\000n}{}% 2
\BOOKMARK [0][-]{chapter.2}{\376\377\000P\000r\000e\000s\000e\000n\000c\000e\000-\000a\000b\000s\000e\000n\000c\000e\000\040\000d\000a\000t\000a}{}% 3
\BOOKMARK [1][-]{section.2.1}{\376\377\000D\000o\000w\000n\000l\000o\000a\000d\000\040\000p\000r\000e\000s\000e\000n\000c\000e\000\040\000d\000a\000t\000a}{chapter.2}% 4
\BOOKMARK [1][-]{section.2.2}{\376\377\000C\000r\000e\000a\000t\000e\000\040\000p\000s\000e\000u\000d\000o\000-\000a\000b\000s\000e\000n\000c\000e\000\040\000d\000a\000t\000a}{chapter.2}% 5
\BOOKMARK [0][-]{chapter.3}{\376\377\000E\000n\000v\000i\000r\000o\000n\000m\000e\000n\000t\000a\000l\000\040\000d\000a\000t\000a}{}% 6
\BOOKMARK [1][-]{section.3.1}{\376\377\000D\000o\000w\000n\000l\000o\000a\000d\000\040\000f\000r\000o\000m\000\040\000p\000u\000b\000l\000i\000c\000\040\000r\000e\000p\000o\000s\000i\000t\000o\000r\000i\000e\000s}{chapter.3}% 7
\BOOKMARK [0][-]{chapter.4}{\376\377\000P\000r\000e\000p\000a\000r\000e\000\040\000t\000h\000e\000\040\000f\000i\000n\000a\000l\000\040\000d\000a\000t\000a\000s\000e\000t}{}% 8
\BOOKMARK [1][-]{section.4.1}{\376\377\000E\000x\000t\000r\000a\000c\000t\000\040\000e\000n\000v\000i\000r\000o\000n\000m\000e\000n\000t\000a\000l\000\040\000d\000a\000t\000a\000\040\000a\000s\000s\000o\000c\000i\000a\000t\000e\000d\000\040\000t\000o\000\040\000s\000p\000e\000c\000i\000e\000s\000\040\000d\000i\000s\000t\000r\000i\000b\000u\000t\000i\000o\000n\000\040\000d\000a\000t\000a}{chapter.4}% 9
\BOOKMARK [1][-]{section.4.2}{\376\377\000E\000x\000p\000l\000o\000r\000a\000t\000o\000r\000y\000\040\000p\000l\000o\000t\000s\000\040\000o\000f\000\040\000e\000n\000v\000i\000r\000o\000n\000m\000e\000n\000t\000a\000l\000\040\000v\000a\000r\000i\000a\000b\000l\000e\000s}{chapter.4}% 10
\BOOKMARK [1][-]{section.4.3}{\376\377\000E\000x\000p\000l\000o\000r\000a\000t\000o\000r\000y\000\040\000p\000l\000o\000t\000s\000\040\000o\000f\000\040\000e\000n\000v\000i\000r\000o\000n\000m\000e\000n\000t\000a\000l\000\040\000v\000a\000r\000i\000a\000b\000l\000e\000s\000\040\000d\000e\000p\000e\000n\000d\000i\000n\000g\000\040\000o\000n\000\040\000s\000p\000e\000c\000i\000e\000s\000\040\000d\000i\000s\000t\000r\000i\000b\000u\000t\000i\000o\000n\000\040\000d\000a\000t\000a}{chapter.4}% 11
\BOOKMARK [1][-]{section.4.4}{\376\377\000C\000o\000r\000r\000e\000l\000a\000t\000i\000o\000n\000\040\000a\000n\000a\000l\000y\000s\000i\000s}{chapter.4}% 12
\BOOKMARK [1][-]{section.4.5}{\376\377\000V\000a\000r\000i\000a\000n\000c\000e\000\040\000I\000n\000f\000l\000a\000t\000i\000o\000n\000\040\000F\000a\000c\000t\000o\000r\000\040\000\050\000V\000I\000F\000\051}{chapter.4}% 13
\BOOKMARK [0][-]{chapter.5}{\376\377\000S\000h\000a\000p\000e\000\040\000C\000o\000n\000s\000t\000r\000a\000i\000n\000e\000d\000-\000G\000e\000n\000e\000r\000a\000l\000i\000z\000e\000d\000\040\000A\000d\000d\000i\000t\000i\000v\000e\000\040\000M\000o\000d\000e\000l\000s}{}% 14
\BOOKMARK [1][-]{section.5.1}{\376\377\000M\000o\000d\000e\000l\000\040\000f\000i\000t}{chapter.5}% 15
\BOOKMARK [1][-]{section.5.2}{\376\377\000M\000o\000d\000e\000l\000\040\000s\000e\000l\000e\000c\000t\000i\000o\000n}{chapter.5}% 16
\BOOKMARK [0][-]{chapter.6}{\376\377\000M\000o\000d\000e\000l\000\040\000v\000a\000l\000i\000d\000a\000t\000i\000o\000n}{}% 17
\BOOKMARK [1][-]{section.6.1}{\376\377\000O\000p\000t\000i\000m\000u\000m\000\040\000t\000h\000r\000e\000s\000h\000o\000l\000d}{chapter.6}% 18
\BOOKMARK [1][-]{section.6.2}{\376\377\000k\000-\000f\000o\000l\000d\000\040\000v\000a\000l\000i\000d\000a\000t\000i\000o\000n}{chapter.6}% 19
\BOOKMARK [0][-]{chapter.7}{\376\377\000P\000r\000e\000d\000i\000c\000t\000i\000o\000n\000\040\000a\000n\000d\000\040\000m\000a\000p\000s}{}% 20
\BOOKMARK [1][-]{section.7.1}{\376\377\000P\000r\000e\000p\000a\000r\000e\000\040\000e\000n\000v\000i\000r\000o\000n\000m\000e\000n\000t\000a\000l\000\040\000d\000a\000t\000a}{chapter.7}% 21
\BOOKMARK [1][-]{section.7.2}{\376\377\000P\000r\000o\000j\000e\000c\000t\000i\000o\000n}{chapter.7}% 22
\BOOKMARK [1][-]{section.7.3}{\376\377\000M\000a\000p\000p\000i\000n\000g}{chapter.7}% 23
\BOOKMARK [0][-]{chapter.8}{\376\377\000A\000c\000k\000n\000o\000w\000l\000e\000d\000g\000e\000m\000e\000n\000t\000s}{}% 24
